c:\users\rla\documents\visual studio 2017\projects\piratetreasure\piratetreasure\debug\vc141.pdb
c:\users\rla\documents\visual studio 2017\projects\piratetreasure\piratetreasure\debug\vc141.idb
c:\users\rla\documents\visual studio 2017\projects\piratetreasure\piratetreasure\debug\piratetreasuresdl2.obj
c:\users\rla\documents\visual studio 2017\projects\piratetreasure\piratetreasure\debug\ctilemap.obj
c:\users\rla\documents\visual studio 2017\projects\piratetreasure\piratetreasure\debug\ctexturemgr.obj
c:\users\rla\documents\visual studio 2017\projects\piratetreasure\piratetreasure\debug\ctexture.obj
c:\users\rla\documents\visual studio 2017\projects\piratetreasure\piratetreasure\debug\csprite.obj
c:\users\rla\documents\visual studio 2017\projects\piratetreasure\piratetreasure\debug\csoundmgr.obj
c:\users\rla\documents\visual studio 2017\projects\piratetreasure\piratetreasure\debug\csound.obj
c:\users\rla\documents\visual studio 2017\projects\piratetreasure\piratetreasure\debug\cship.obj
c:\users\rla\documents\visual studio 2017\projects\piratetreasure\piratetreasure\debug\csdl2wndmanager.obj
c:\users\rla\documents\visual studio 2017\projects\piratetreasure\piratetreasure\debug\chighscoretable.obj
c:\users\rla\documents\visual studio 2017\projects\piratetreasure\piratetreasure\debug\cgame.obj
c:\users\rla\documents\visual studio 2017\projects\piratetreasure\piratetreasure\debug\cfontmgr.obj
c:\users\rla\documents\visual studio 2017\projects\piratetreasure\piratetreasure\debug\cfont.obj
c:\users\rla\documents\visual studio 2017\projects\piratetreasure\piratetreasure\debug\cenemy.obj
c:\users\rla\documents\visual studio 2017\projects\piratetreasure\piratetreasure\debug\cbuttonmgr.obj
c:\users\rla\documents\visual studio 2017\projects\piratetreasure\piratetreasure\debug\cbutton.obj
c:\users\rla\documents\visual studio 2017\projects\piratetreasure\piratetreasure\debug\cbottle.obj
c:\users\rla\documents\visual studio 2017\projects\piratetreasure\debug\piratetreasure.exe
c:\users\rla\documents\visual studio 2017\projects\piratetreasure\debug\piratetreasure.ilk
c:\users\rla\documents\visual studio 2017\projects\piratetreasure\debug\piratetreasure.pdb
c:\users\rla\documents\visual studio 2017\projects\piratetreasure\piratetreasure\debug\piratetreasure.tlog\cl.command.1.tlog
c:\users\rla\documents\visual studio 2017\projects\piratetreasure\piratetreasure\debug\piratetreasure.tlog\cl.read.1.tlog
c:\users\rla\documents\visual studio 2017\projects\piratetreasure\piratetreasure\debug\piratetreasure.tlog\cl.write.1.tlog
c:\users\rla\documents\visual studio 2017\projects\piratetreasure\piratetreasure\debug\piratetreasure.tlog\link.command.1.tlog
c:\users\rla\documents\visual studio 2017\projects\piratetreasure\piratetreasure\debug\piratetreasure.tlog\link.read.1.tlog
c:\users\rla\documents\visual studio 2017\projects\piratetreasure\piratetreasure\debug\piratetreasure.tlog\link.write.1.tlog
