c:\users\kmcco\onedrive\desktop\programming1 coursework\project1\debug\vc141.pdb
c:\users\kmcco\onedrive\desktop\programming1 coursework\project1\debug\vc141.idb
c:\users\kmcco\onedrive\desktop\programming1 coursework\project1\debug\chighscoretable.obj
c:\users\kmcco\onedrive\desktop\programming1 coursework\project1\debug\ccarchase.obj
c:\users\kmcco\onedrive\desktop\programming1 coursework\project1\debug\ctilemap.obj
c:\users\kmcco\onedrive\desktop\programming1 coursework\project1\debug\ctexturemgr.obj
c:\users\kmcco\onedrive\desktop\programming1 coursework\project1\debug\ctexture.obj
c:\users\kmcco\onedrive\desktop\programming1 coursework\project1\debug\csprite.obj
c:\users\kmcco\onedrive\desktop\programming1 coursework\project1\debug\csoundmgr.obj
c:\users\kmcco\onedrive\desktop\programming1 coursework\project1\debug\csound.obj
c:\users\kmcco\onedrive\desktop\programming1 coursework\project1\debug\cplayer.obj
c:\users\kmcco\onedrive\desktop\programming1 coursework\project1\debug\csdl2wndmanager.obj
c:\users\kmcco\onedrive\desktop\programming1 coursework\project1\debug\cgame.obj
c:\users\kmcco\onedrive\desktop\programming1 coursework\project1\debug\cfontmgr.obj
c:\users\kmcco\onedrive\desktop\programming1 coursework\project1\debug\cfont.obj
c:\users\kmcco\onedrive\desktop\programming1 coursework\project1\debug\cpolice.obj
c:\users\kmcco\onedrive\desktop\programming1 coursework\project1\debug\cbuttonmgr.obj
c:\users\kmcco\onedrive\desktop\programming1 coursework\project1\debug\cbutton.obj
c:\users\kmcco\onedrive\desktop\programming1 coursework\debug\project1.ilk
c:\users\kmcco\onedrive\desktop\programming1 coursework\debug\project1.exe
c:\users\kmcco\onedrive\desktop\programming1 coursework\debug\project1.pdb
c:\users\kmcco\onedrive\desktop\programming1 coursework\project1\debug\project1.tlog\cl.command.1.tlog
c:\users\kmcco\onedrive\desktop\programming1 coursework\project1\debug\project1.tlog\cl.read.1.tlog
c:\users\kmcco\onedrive\desktop\programming1 coursework\project1\debug\project1.tlog\cl.write.1.tlog
c:\users\kmcco\onedrive\desktop\programming1 coursework\project1\debug\project1.tlog\link.command.1.tlog
c:\users\kmcco\onedrive\desktop\programming1 coursework\project1\debug\project1.tlog\link.read.1.tlog
c:\users\kmcco\onedrive\desktop\programming1 coursework\project1\debug\project1.tlog\link.write.1.tlog
